2018-08-20T02:44:49.704Z - normal: Load ~/.CocosCreator/settings.json
2018-08-20T02:44:49.710Z - normal: checking language setting...
2018-08-20T02:44:49.710Z - normal: Language: zh
2018-08-20T02:44:51.248Z - success: protocol editor-framework registered
2018-08-20T02:44:51.248Z - success: protocol app registered
2018-08-20T02:44:51.248Z - success: protocol theme registered
2018-08-20T02:44:51.248Z - success: protocol packages registered
2018-08-20T02:44:51.248Z - success: protocol unpack registerred
2018-08-20T02:44:51.248Z - success: protocol disable-commonjs registerred
2018-08-20T02:44:51.459Z - normal: connected!
2018-08-20T02:44:51.468Z - normal: Check project C:\Users\lx\Desktop\demo2_children
2018-08-20T02:44:51.479Z - normal: Initializing project C:\Users\lx\Desktop\demo2_children
2018-08-20T02:44:51.488Z - normal: Initializing Cocos2d
2018-08-20T02:44:52.069Z - normal: Initializing Asset Database
2018-08-20T02:44:52.112Z - success: protocol uuid registerred
2018-08-20T02:44:52.112Z - success: protocol db registerred
2018-08-20T02:44:52.112Z - success: protocol thumbnail registerred
2018-08-20T02:44:52.112Z - normal: Loading editor/builtin packages
2018-08-20T02:44:52.273Z - success: assets loaded
2018-08-20T02:44:52.275Z - success: builder loaded
2018-08-20T02:44:52.277Z - success: cocos-analytics loaded
2018-08-20T02:44:52.280Z - success: console loaded
2018-08-20T02:44:52.314Z - success: fb-instant-games loaded
2018-08-20T02:44:52.319Z - success: hierarchy loaded
2018-08-20T02:44:52.322Z - success: inspector loaded
2018-08-20T02:44:52.324Z - success: keystore loaded
2018-08-20T02:44:52.328Z - success: node-library loaded
2018-08-20T02:44:52.330Z - success: package-asset loaded
2018-08-20T02:44:52.331Z - success: preferences loaded
2018-08-20T02:44:52.332Z - success: project-exporter loaded
2018-08-20T02:44:52.350Z - success: project-importer loaded
2018-08-20T02:44:52.352Z - success: project-settings loaded
2018-08-20T02:44:52.354Z - success: ui-kit loaded
2018-08-20T02:44:52.357Z - success: scene loaded
2018-08-20T02:44:52.360Z - success: sprite-editor loaded
2018-08-20T02:44:52.363Z - success: store loaded
2018-08-20T02:44:52.366Z - success: timeline loaded
2018-08-20T02:44:52.366Z - normal: Loading builtin packages
2018-08-20T02:44:52.370Z - success: asset-db-debugger loaded
2018-08-20T02:44:52.371Z - success: code-editor loaded
2018-08-20T02:44:52.371Z - success: color-picker loaded
2018-08-20T02:44:52.372Z - success: jsb-adapter loaded
2018-08-20T02:44:52.373Z - success: package-manager loaded
2018-08-20T02:44:52.375Z - success: qqplay-adapter loaded
2018-08-20T02:44:52.379Z - success: sdkbox loaded
2018-08-20T02:44:52.381Z - success: tester loaded
2018-08-20T02:44:52.383Z - success: ui-grid loaded
2018-08-20T02:44:52.385Z - success: ui-kit-preview-extra loaded
2018-08-20T02:44:52.386Z - success: ui-kit-preview loaded
2018-08-20T02:44:52.386Z - success: ui-tree loaded
2018-08-20T02:44:52.386Z - success: weapp-adapter loaded
2018-08-20T02:44:53.438Z - normal: Loading packages
2018-08-20T02:44:53.444Z - normal: Watching packages
2018-08-20T02:44:53.794Z - normal: Run Application
2018-08-20T02:44:54.437Z - success: preview server running at http://localhost:7457
2018-08-20T02:45:13.447Z - normal: Start building with options : {
  "actualPlatform": "wechatgame-subcontext",
  "apiLevel": "",
  "appABIs": [],
  "appKey": "",
  "appSecret": "",
  "buildPath": "C:\\Users\\lx\\Desktop\\demo2\\build\\wechatgame",
  "debug": false,
  "dest": "C:\\Users\\lx\\Desktop\\demo2\\build\\wechatgame\\wechatgame-subcontext",
  "embedWebDebugger": false,
  "encryptJs": true,
  "excludeScenes": [],
  "excludedModules": [],
  "fb-instant-games": {},
  "includeAnySDK": false,
  "includeSDKBox": false,
  "inlineSpriteFrames": true,
  "inlineSpriteFrames_native": true,
  "jailbreakPlatform": false,
  "md5Cache": false,
  "mergeStartScene": false,
  "oauthLoginServer": "",
  "optimizeHotUpdate": false,
  "orientation": {
    "landscapeLeft": true,
    "landscapeRight": true,
    "portrait": false,
    "upsideDown": false
  },
  "packageName": "org.cocos2d.helloworld",
  "platform": "wechatgame-subcontext",
  "previewHeight": "720",
  "previewWidth": "1280",
  "privateKey": "",
  "qqplay": {
    "REMOTE_SERVER_ROOT": "",
    "orientation": "portrait"
  },
  "scenes": [
    "2d2f792f-a40c-49bb-a189-ed176a246e49"
  ],
  "sourceMaps": false,
  "startScene": "2d2f792f-a40c-49bb-a189-ed176a246e49",
  "template": "link",
  "title": "wechatgame-subcontext",
  "useDebugKeystore": true,
  "vsVersion": "auto",
  "webOrientation": "auto",
  "wechatgame": {
    "REMOTE_SERVER_ROOT": "",
    "appid": "wx6ac3f5090a6b99c5",
    "isSubdomain": false,
    "orientation": "portrait",
    "subContext": ""
  },
  "xxteaKey": "8f8f2fb6-ca77-42",
  "zipCompressJs": true,
  "project": "C:\\Users\\lx\\Desktop\\demo2_children",
  "projectName": "wechatgame-subcontext",
  "debugBuildWorker": false
}
2018-08-20T02:45:13.449Z - normal: Building C:\Users\lx\Desktop\demo2_children
2018-08-20T02:45:13.449Z - normal: Destination C:\Users\lx\Desktop\demo2\build\wechatgame\wechatgame-subcontext
2018-08-20T02:45:13.698Z - normal: Delete C:\Users\lx\Desktop\demo2\build\wechatgame\wechatgame-subcontext\**\*
2018-08-20T02:45:15.893Z - normal: Start building assets
2018-08-20T02:45:15.893Z - normal: Start spawn build-worker
2018-08-20T02:45:16.584Z - normal: Finish spawn build-worker
2018-08-20T02:45:16.584Z - normal: Start init build-worker
2018-08-20T02:45:20.031Z - normal: Finish init build-worker
2018-08-20T02:45:20.031Z - normal: Start build-assets in worker
2018-08-20T02:45:20.192Z - normal: Finish build-assets in worker
2018-08-20T02:45:20.203Z - normal: Finish building assets
2018-08-20T02:45:20.208Z - normal: Start building plugin scripts
2018-08-20T02:45:20.214Z - normal: Generating main.js from D:\lx\cocos\install\2\CocosCreator_v2.0.1-beta.2\resources\static\build-templates\shares\main.js
2018-08-20T02:45:21.237Z - normal: Built to "C:\Users\lx\Desktop\demo2\build\wechatgame\wechatgame-subcontext" successfully
2018-08-20T02:48:21.573Z - normal: Start building with options : {
  "actualPlatform": "wechatgame-subcontext",
  "apiLevel": "",
  "appABIs": [],
  "appKey": "",
  "appSecret": "",
  "buildPath": "C:\\Users\\lx\\Desktop\\demo2\\build\\wechatgame",
  "debug": false,
  "dest": "C:\\Users\\lx\\Desktop\\demo2\\build\\wechatgame\\wechatgame-subcontext",
  "embedWebDebugger": false,
  "encryptJs": true,
  "excludeScenes": [],
  "excludedModules": [],
  "fb-instant-games": {},
  "includeAnySDK": false,
  "includeSDKBox": false,
  "inlineSpriteFrames": true,
  "inlineSpriteFrames_native": true,
  "jailbreakPlatform": false,
  "md5Cache": false,
  "mergeStartScene": false,
  "oauthLoginServer": "",
  "optimizeHotUpdate": false,
  "orientation": {
    "landscapeLeft": true,
    "landscapeRight": true,
    "portrait": false,
    "upsideDown": false
  },
  "packageName": "org.cocos2d.helloworld",
  "platform": "wechatgame-subcontext",
  "previewHeight": "720",
  "previewWidth": "1280",
  "privateKey": "",
  "qqplay": {
    "REMOTE_SERVER_ROOT": "",
    "orientation": "portrait"
  },
  "scenes": [
    "2d2f792f-a40c-49bb-a189-ed176a246e49"
  ],
  "sourceMaps": false,
  "startScene": "2d2f792f-a40c-49bb-a189-ed176a246e49",
  "template": "link",
  "title": "wechatgame-subcontext",
  "useDebugKeystore": true,
  "vsVersion": "auto",
  "webOrientation": "auto",
  "wechatgame": {
    "REMOTE_SERVER_ROOT": "",
    "appid": "wx6ac3f5090a6b99c5",
    "isSubdomain": false,
    "orientation": "portrait",
    "subContext": ""
  },
  "xxteaKey": "8f8f2fb6-ca77-42",
  "zipCompressJs": true,
  "project": "C:\\Users\\lx\\Desktop\\demo2_children",
  "projectName": "wechatgame-subcontext",
  "debugBuildWorker": false
}
2018-08-20T02:48:21.577Z - normal: Building C:\Users\lx\Desktop\demo2_children
2018-08-20T02:48:21.577Z - normal: Destination C:\Users\lx\Desktop\demo2\build\wechatgame\wechatgame-subcontext
2018-08-20T02:48:21.581Z - normal: Delete C:\Users\lx\Desktop\demo2\build\wechatgame\wechatgame-subcontext\**\*
2018-08-20T02:48:23.511Z - normal: Start building assets
2018-08-20T02:48:23.511Z - normal: Start spawn build-worker
2018-08-20T02:48:24.186Z - normal: Finish spawn build-worker
2018-08-20T02:48:24.186Z - normal: Start init build-worker
2018-08-20T02:48:27.523Z - normal: Finish init build-worker
2018-08-20T02:48:27.523Z - normal: Start build-assets in worker
2018-08-20T02:48:27.751Z - normal: Finish build-assets in worker
2018-08-20T02:48:27.761Z - normal: Finish building assets
2018-08-20T02:48:27.768Z - normal: Start building plugin scripts
2018-08-20T02:48:27.772Z - normal: Generating main.js from D:\lx\cocos\install\2\CocosCreator_v2.0.1-beta.2\resources\static\build-templates\shares\main.js
2018-08-20T02:48:28.599Z - normal: Built to "C:\Users\lx\Desktop\demo2\build\wechatgame\wechatgame-subcontext" successfully
2018-08-20T02:52:21.226Z - normal: Start building with options : {
  "actualPlatform": "wechatgame-subcontext",
  "apiLevel": "",
  "appABIs": [],
  "appKey": "",
  "appSecret": "",
  "buildPath": "C:\\Users\\lx\\Desktop\\demo2\\build\\wechatgame",
  "debug": false,
  "dest": "C:\\Users\\lx\\Desktop\\demo2\\build\\wechatgame\\wechatgame-subcontext",
  "embedWebDebugger": false,
  "encryptJs": true,
  "excludeScenes": [],
  "excludedModules": [],
  "fb-instant-games": {},
  "includeAnySDK": false,
  "includeSDKBox": false,
  "inlineSpriteFrames": true,
  "inlineSpriteFrames_native": true,
  "jailbreakPlatform": false,
  "md5Cache": false,
  "mergeStartScene": false,
  "oauthLoginServer": "",
  "optimizeHotUpdate": false,
  "orientation": {
    "landscapeLeft": true,
    "landscapeRight": true,
    "portrait": false,
    "upsideDown": false
  },
  "packageName": "org.cocos2d.helloworld",
  "platform": "wechatgame-subcontext",
  "previewHeight": "720",
  "previewWidth": "1280",
  "privateKey": "",
  "qqplay": {
    "REMOTE_SERVER_ROOT": "",
    "orientation": "portrait"
  },
  "scenes": [
    "2d2f792f-a40c-49bb-a189-ed176a246e49"
  ],
  "sourceMaps": false,
  "startScene": "2d2f792f-a40c-49bb-a189-ed176a246e49",
  "template": "link",
  "title": "wechatgame-subcontext",
  "useDebugKeystore": true,
  "vsVersion": "auto",
  "webOrientation": "auto",
  "wechatgame": {
    "REMOTE_SERVER_ROOT": "",
    "appid": "wx6ac3f5090a6b99c5",
    "isSubdomain": false,
    "orientation": "portrait",
    "subContext": ""
  },
  "xxteaKey": "8f8f2fb6-ca77-42",
  "zipCompressJs": true,
  "project": "C:\\Users\\lx\\Desktop\\demo2_children",
  "projectName": "wechatgame-subcontext",
  "debugBuildWorker": false
}
2018-08-20T02:52:21.229Z - normal: Building C:\Users\lx\Desktop\demo2_children
2018-08-20T02:52:21.229Z - normal: Destination C:\Users\lx\Desktop\demo2\build\wechatgame\wechatgame-subcontext
2018-08-20T02:52:21.231Z - normal: Delete C:\Users\lx\Desktop\demo2\build\wechatgame\wechatgame-subcontext\**\*
2018-08-20T02:52:23.283Z - normal: Start building assets
2018-08-20T02:52:23.284Z - normal: Start spawn build-worker
2018-08-20T02:52:24.236Z - normal: Finish spawn build-worker
2018-08-20T02:52:24.236Z - normal: Start init build-worker
2018-08-20T02:52:31.108Z - normal: Finish init build-worker
2018-08-20T02:52:31.108Z - normal: Start build-assets in worker
2018-08-20T02:52:31.338Z - normal: Finish build-assets in worker
2018-08-20T02:52:31.345Z - normal: Finish building assets
2018-08-20T02:52:31.351Z - normal: Start building plugin scripts
2018-08-20T02:52:31.356Z - normal: Generating main.js from D:\lx\cocos\install\2\CocosCreator_v2.0.1-beta.2\resources\static\build-templates\shares\main.js
2018-08-20T02:52:32.144Z - normal: Built to "C:\Users\lx\Desktop\demo2\build\wechatgame\wechatgame-subcontext" successfully
2018-08-20T03:44:38.783Z - info: shutdown preview server
